# JRE version: OpenJDK Runtime Environment (15.0.2+7) (build 15.0.2+7-27)
# Java VM: OpenJDK 64-Bit Server VM (15.0.2+7-27, mixed mode, tiered, compressed oops, g1 gc, windows-amd64)
GC Precious Log:
 CPUs: 2 total, 2 available
 Memory: 8190M
 Large Page Support: Disabled
 NUMA Support: Disabled
 Compressed Oops: Enabled (32-bit)
 Heap Region Size: 1M
 Heap Min Capacity: 8M
 Heap Initial Capacity: 128M
 Heap Max Capacity: 2G
 Pre-touch: Disabled
 Parallel Workers: 2
 Concurrent Workers: 1
 Concurrent Refinement Workers: 2
 Periodic GC: Disabled
Heap:
 garbage-first heap   total 80896K, used 54857K [0x0000000080000000, 0x0000000100000000)
  region size 1024K, 13 young (13312K), 3 survivors (3072K)
 Metaspace       used 64065K, capacity 64852K, committed 65152K, reserved 1105920K
  class space    used 8212K, capacity 8462K, committed 8576K, reserved 1048576K
GC Heap History (20 events):
Event: 48.191 GC heap before
{Heap before GC invocations=35 (full 0):
 garbage-first heap   total 55296K, used 45767K [0x0000000080000000, 0x0000000100000000)
  region size 1024K, 20 young (20480K), 1 survivors (1024K)
 Metaspace       used 58256K, capacity 58835K, committed 59008K, reserved 1099776K
  class space    used 7537K, capacity 7756K, committed 7808K, reserved 1048576K
}
Event: 48.195 GC heap after
{Heap after GC invocations=36 (full 0):
 garbage-first heap   total 55296K, used 27064K [0x0000000080000000, 0x0000000100000000)
  region size 1024K, 2 young (2048K), 2 survivors (2048K)
 Metaspace       used 58256K, capacity 58835K, committed 59008K, reserved 1099776K
  class space    used 7537K, capacity 7756K, committed 7808K, reserved 1048576K
}
Event: 48.331 GC heap before
{Heap before GC invocations=37 (full 0):
 garbage-first heap   total 56320K, used 45496K [0x0000000080000000, 0x0000000100000000)
  region size 1024K, 20 young (20480K), 2 survivors (2048K)
 Metaspace       used 58404K, capacity 58987K, committed 59264K, reserved 1101824K
  class space    used 7546K, capacity 7761K, committed 7808K, reserved 1048576K
}
Event: 48.335 GC heap after
{Heap after GC invocations=38 (full 0):
 garbage-first heap   total 56320K, used 27690K [0x0000000080000000, 0x0000000100000000)
  region size 1024K, 2 young (2048K), 2 survivors (2048K)
 Metaspace       used 58404K, capacity 58987K, committed 59264K, reserved 1101824K
  class space    used 7546K, capacity 7761K, committed 7808K, reserved 1048576K
}
Event: 48.438 GC heap before
{Heap before GC invocations=38 (full 0):
 garbage-first heap   total 56320K, used 46122K [0x0000000080000000, 0x0000000100000000)
  region size 1024K, 20 young (20480K), 2 survivors (2048K)
 Metaspace       used 58569K, capacity 59200K, committed 59264K, reserved 1101824K
  class space    used 7556K, capacity 7765K, committed 7808K, reserved 1048576K
}
Event: 48.443 GC heap after
{Heap after GC invocations=39 (full 0):
 garbage-first heap   total 56320K, used 28582K [0x0000000080000000, 0x0000000100000000)
  region size 1024K, 3 young (3072K), 3 survivors (3072K)
 Metaspace       used 58569K, capacity 59200K, committed 59264K, reserved 1101824K
  class space    used 7556K, capacity 7765K, committed 7808K, reserved 1048576K
}
Event: 48.685 GC heap before
{Heap before GC invocations=40 (full 0):
 garbage-first heap   total 56320K, used 45990K [0x0000000080000000, 0x0000000100000000)
  region size 1024K, 20 young (20480K), 3 survivors (3072K)
 Metaspace       used 58822K, capacity 59472K, committed 59520K, reserved 1101824K
  class space    used 7578K, capacity 7791K, committed 7808K, reserved 1048576K
}
Event: 48.690 GC heap after
{Heap after GC invocations=41 (full 0):
 garbage-first heap   total 56320K, used 29057K [0x0000000080000000, 0x0000000100000000)
  region size 1024K, 2 young (2048K), 2 survivors (2048K)
 Metaspace       used 58822K, capacity 59472K, committed 59520K, reserved 1101824K
  class space    used 7578K, capacity 7791K, committed 7808K, reserved 1048576K
}
Event: 48.862 GC heap before
{Heap before GC invocations=41 (full 0):
 garbage-first heap   total 56320K, used 46465K [0x0000000080000000, 0x0000000100000000)
  region size 1024K, 19 young (19456K), 2 survivors (2048K)
 Metaspace       used 59097K, capacity 59778K, committed 59904K, reserved 1101824K
  class space    used 7600K, capacity 7826K, committed 7936K, reserved 1048576K
}
Event: 48.867 GC heap after
{Heap after GC invocations=42 (full 0):
 garbage-first heap   total 56320K, used 29687K [0x0000000080000000, 0x0000000100000000)
  region size 1024K, 2 young (2048K), 2 survivors (2048K)
 Metaspace       used 59097K, capacity 59778K, committed 59904K, reserved 1101824K
  class space    used 7600K, capacity 7826K, committed 7936K, reserved 1048576K
}
Event: 49.953 GC heap before
{Heap before GC invocations=43 (full 0):
 garbage-first heap   total 56320K, used 46071K [0x0000000080000000, 0x0000000100000000)
  region size 1024K, 18 young (18432K), 2 survivors (2048K)
 Metaspace       used 60756K, capacity 61495K, committed 61568K, reserved 1103872K
  class space    used 7826K, capacity 8055K, committed 8064K, reserved 1048576K
}
Event: 49.960 GC heap after
{Heap after GC invocations=44 (full 0):
 garbage-first heap   total 56320K, used 31053K [0x0000000080000000, 0x0000000100000000)
  region size 1024K, 3 young (3072K), 3 survivors (3072K)
 Metaspace       used 60756K, capacity 61495K, committed 61568K, reserved 1103872K
  class space    used 7826K, capacity 8055K, committed 8064K, reserved 1048576K
}
Event: 50.761 GC heap before
{Heap before GC invocations=44 (full 0):
 garbage-first heap   total 56320K, used 46413K [0x0000000080000000, 0x0000000100000000)
  region size 1024K, 18 young (18432K), 3 survivors (3072K)
 Metaspace       used 62146K, capacity 62866K, committed 62976K, reserved 1103872K
  class space    used 7982K, capacity 8189K, committed 8192K, reserved 1048576K
}
Event: 50.771 GC heap after
{Heap after GC invocations=45 (full 0):
 garbage-first heap   total 67584K, used 34191K [0x0000000080000000, 0x0000000100000000)
  region size 1024K, 3 young (3072K), 3 survivors (3072K)
 Metaspace       used 62146K, capacity 62866K, committed 62976K, reserved 1103872K
  class space    used 7982K, capacity 8189K, committed 8192K, reserved 1048576K
}
Event: 50.938 GC heap before
{Heap before GC invocations=46 (full 0):
 garbage-first heap   total 67584K, used 40335K [0x0000000080000000, 0x0000000100000000)
  region size 1024K, 10 young (10240K), 3 survivors (3072K)
 Metaspace       used 62146K, capacity 62866K, committed 62976K, reserved 1103872K
  class space    used 7982K, capacity 8189K, committed 8192K, reserved 1048576K
}
Event: 50.946 GC heap after
{Heap after GC invocations=47 (full 0):
 garbage-first heap   total 67584K, used 36960K [0x0000000080000000, 0x0000000100000000)
  region size 1024K, 3 young (3072K), 3 survivors (3072K)
 Metaspace       used 62146K, capacity 62866K, committed 62976K, reserved 1103872K
  class space    used 7982K, capacity 8189K, committed 8192K, reserved 1048576K
}
Event: 51.190 GC heap before
{Heap before GC invocations=48 (full 0):
 garbage-first heap   total 76800K, used 51296K [0x0000000080000000, 0x0000000100000000)
  region size 1024K, 17 young (17408K), 3 survivors (3072K)
 Metaspace       used 62146K, capacity 62866K, committed 62976K, reserved 1103872K
  class space    used 7982K, capacity 8189K, committed 8192K, reserved 1048576K
}
Event: 51.198 GC heap after
{Heap after GC invocations=49 (full 0):
 garbage-first heap   total 76800K, used 41163K [0x0000000080000000, 0x0000000100000000)
  region size 1024K, 3 young (3072K), 3 survivors (3072K)
 Metaspace       used 62146K, capacity 62866K, committed 62976K, reserved 1103872K
  class space    used 7982K, capacity 8189K, committed 8192K, reserved 1048576K
}
Event: 51.669 GC heap before
{Heap before GC invocations=49 (full 0):
 garbage-first heap   total 76800K, used 57547K [0x0000000080000000, 0x0000000100000000)
  region size 1024K, 19 young (19456K), 3 survivors (3072K)
 Metaspace       used 62935K, capacity 63696K, committed 63872K, reserved 1105920K
  class space    used 8080K, capacity 8291K, committed 8320K, reserved 1048576K
}
Event: 51.681 GC heap after
{Heap after GC invocations=50 (full 0):
 garbage-first heap   total 76800K, used 45641K [0x0000000080000000, 0x0000000100000000)
  region size 1024K, 3 young (3072K), 3 survivors (3072K)
 Metaspace       used 62935K, capacity 63696K, committed 63872K, reserved 1105920K
  class space    used 8080K, capacity 8291K, committed 8320K, reserved 1048576K
}

